<?xml version="1.0" encoding="UTF-8"?>
<testsuite name="com.vssekorin.tuplet.Tuple2Test" tests="10" skipped="0" failures="0" errors="0" timestamp="2018-10-01T19:27:06" hostname="WentiArch" time="0.004">
  <properties/>
  <testcase name="containsFalse" classname="com.vssekorin.tuplet.Tuple2Test" time="0.0"/>
  <testcase name="similarTuplesAreEquals" classname="com.vssekorin.tuplet.Tuple2Test" time="0.001"/>
  <testcase name="toStream" classname="com.vssekorin.tuplet.Tuple2Test" time="0.001"/>
  <testcase name="differentTuplesAreNotEquals" classname="com.vssekorin.tuplet.Tuple2Test" time="0.0"/>
  <testcase name="toArray" classname="com.vssekorin.tuplet.Tuple2Test" time="0.001"/>
  <testcase name="testToString" classname="com.vssekorin.tuplet.Tuple2Test" time="0.0"/>
  <testcase name="toList" classname="com.vssekorin.tuplet.Tuple2Test" time="0.0"/>
  <testcase name="_1" classname="com.vssekorin.tuplet.Tuple2Test" time="0.0"/>
  <testcase name="_2" classname="com.vssekorin.tuplet.Tuple2Test" time="0.0"/>
  <testcase name="containsItemsIsCorrect" classname="com.vssekorin.tuplet.Tuple2Test" time="0.0"/>
  <system-out><![CDATA[]]></system-out>
  <system-err><![CDATA[]]></system-err>
</testsuite>
