<?xml version="1.0" encoding="UTF-8"?>
<testsuite name="com.vssekorin.tuplet.Tuple1Test" tests="11" skipped="0" failures="0" errors="0" timestamp="2018-10-01T19:27:06" hostname="WentiArch" time="0.021">
  <properties/>
  <testcase name="containsTrue" classname="com.vssekorin.tuplet.Tuple1Test" time="0.002"/>
  <testcase name="containsFalse" classname="com.vssekorin.tuplet.Tuple1Test" time="0.0"/>
  <testcase name="similarTuplesAreEquals" classname="com.vssekorin.tuplet.Tuple1Test" time="0.001"/>
  <testcase name="toStream" classname="com.vssekorin.tuplet.Tuple1Test" time="0.013"/>
  <testcase name="differentTuplesAreNotEquals" classname="com.vssekorin.tuplet.Tuple1Test" time="0.0"/>
  <testcase name="toArray" classname="com.vssekorin.tuplet.Tuple1Test" time="0.0"/>
  <testcase name="testToString" classname="com.vssekorin.tuplet.Tuple1Test" time="0.0"/>
  <testcase name="toList" classname="com.vssekorin.tuplet.Tuple1Test" time="0.001"/>
  <testcase name="_1" classname="com.vssekorin.tuplet.Tuple1Test" time="0.0"/>
  <testcase name="toOptionalWithValue" classname="com.vssekorin.tuplet.Tuple1Test" time="0.0"/>
  <testcase name="toOptionalWithoutValue" classname="com.vssekorin.tuplet.Tuple1Test" time="0.001"/>
  <system-out><![CDATA[]]></system-out>
  <system-err><![CDATA[]]></system-err>
</testsuite>
